c:\documents and settings\u410-10\мои документы\visual studio 2010\projects\lab_\lab_\debug\lab_.pch
c:\documents and settings\u410-10\мои документы\visual studio 2010\projects\lab_\lab_\debug\stdafx.obj
c:\documents and settings\u410-10\мои документы\visual studio 2010\projects\lab_\lab_\debug\vc100.pdb
c:\documents and settings\u410-10\мои документы\visual studio 2010\projects\lab_\lab_\debug\lab_.obj
c:\documents and settings\u410-10\мои документы\visual studio 2010\projects\lab_\debug\lab_.ilk
c:\documents and settings\u410-10\мои документы\visual studio 2010\projects\lab_\debug\lab_.exe
c:\documents and settings\u410-10\мои документы\visual studio 2010\projects\lab_\lab_\debug\lab_.exe.intermediate.manifest
c:\documents and settings\u410-10\мои документы\visual studio 2010\projects\lab_\debug\lab_.pdb
c:\documents and settings\u410-10\мои документы\visual studio 2010\projects\lab_\lab_\debug\lab_.exe.embed.manifest
c:\documents and settings\u410-10\мои документы\visual studio 2010\projects\lab_\lab_\debug\lab_.exe.embed.manifest.res
d:\projects\lab_\lab_\debug\lab_.pch
d:\projects\lab_\lab_\debug\vc142.pdb
d:\projects\lab_\lab_\debug\vc142.idb
d:\projects\lab_\lab_\debug\stdafx.obj
d:\projects\lab_\lab_\debug\task1.obj
d:\projects\lab_\lab_\debug\lab_.obj
d:\projects\lab_\lab_\debug\task2.obj
d:\projects\lab_\debug\lab_.exe
d:\projects\lab_\debug\lab_.ilk
d:\projects\lab_\debug\lab_.pdb
d:\projects\lab_\lab_\debug\utils.obj
d:\projects\lab_\lab_\debug\cl.command.1.tlog
d:\projects\lab_\lab_\debug\cl.read.1.tlog
d:\projects\lab_\lab_\debug\cl.write.1.tlog
d:\projects\lab_\lab_\debug\link-cvtres.read.1.tlog
d:\projects\lab_\lab_\debug\link-cvtres.write.1.tlog
d:\projects\lab_\lab_\debug\link.1752-cvtres.read.1.tlog
d:\projects\lab_\lab_\debug\link.1752-cvtres.write.1.tlog
d:\projects\lab_\lab_\debug\link.1752.read.1.tlog
d:\projects\lab_\lab_\debug\link.1752.write.1.tlog
d:\projects\lab_\lab_\debug\link.200-cvtres.read.1.tlog
d:\projects\lab_\lab_\debug\link.200-cvtres.write.1.tlog
d:\projects\lab_\lab_\debug\link.200.read.1.tlog
d:\projects\lab_\lab_\debug\link.200.write.1.tlog
d:\projects\lab_\lab_\debug\link.2560-cvtres.read.1.tlog
d:\projects\lab_\lab_\debug\link.2560-cvtres.write.1.tlog
d:\projects\lab_\lab_\debug\link.2560.read.1.tlog
d:\projects\lab_\lab_\debug\link.2560.write.1.tlog
d:\projects\lab_\lab_\debug\link.2588-cvtres.read.1.tlog
d:\projects\lab_\lab_\debug\link.2588-cvtres.write.1.tlog
d:\projects\lab_\lab_\debug\link.2588.read.1.tlog
d:\projects\lab_\lab_\debug\link.2588.write.1.tlog
d:\projects\lab_\lab_\debug\link.3196-cvtres.read.1.tlog
d:\projects\lab_\lab_\debug\link.3196-cvtres.write.1.tlog
d:\projects\lab_\lab_\debug\link.3196.read.1.tlog
d:\projects\lab_\lab_\debug\link.3196.write.1.tlog
d:\projects\lab_\lab_\debug\link.3240-cvtres.read.1.tlog
d:\projects\lab_\lab_\debug\link.3240-cvtres.write.1.tlog
d:\projects\lab_\lab_\debug\link.3240.read.1.tlog
d:\projects\lab_\lab_\debug\link.3240.write.1.tlog
d:\projects\lab_\lab_\debug\link.3588-cvtres.read.1.tlog
d:\projects\lab_\lab_\debug\link.3588-cvtres.write.1.tlog
d:\projects\lab_\lab_\debug\link.3588.read.1.tlog
d:\projects\lab_\lab_\debug\link.3588.write.1.tlog
d:\projects\lab_\lab_\debug\link.3912-cvtres.read.1.tlog
d:\projects\lab_\lab_\debug\link.3912-cvtres.write.1.tlog
d:\projects\lab_\lab_\debug\link.3912.read.1.tlog
d:\projects\lab_\lab_\debug\link.3912.write.1.tlog
d:\projects\lab_\lab_\debug\link.command.1.tlog
d:\projects\lab_\lab_\debug\link.read.1.tlog
d:\projects\lab_\lab_\debug\link.write.1.tlog
d:\projects\lab_\lab_\debug\mt.command.1.tlog
d:\projects\lab_\lab_\debug\mt.read.1.tlog
d:\projects\lab_\lab_\debug\mt.write.1.tlog
d:\projects\lab_\lab_\debug\rc.command.1.tlog
d:\projects\lab_\lab_\debug\rc.read.1.tlog
d:\projects\lab_\lab_\debug\rc.write.1.tlog
d:\projects\lab_\lab_\debug\lab_.exe.embed.manifest
d:\projects\lab_\lab_\debug\lab_.exe.intermediate.manifest
d:\projects\lab_\lab_\debug\lab_.exe.embed.manifest.res
d:\projects\lab_\lab_\debug\vc100.idb
d:\projects\lab_\lab_\debug\vc100.pdb
d:\projects\lab_\lab_\debug\lab__manifest.rc
d:\projects\lab_\lab_\debug\lab_.tlog\cl.command.1.tlog
d:\projects\lab_\lab_\debug\lab_.tlog\cl.read.1.tlog
d:\projects\lab_\lab_\debug\lab_.tlog\cl.write.1.tlog
d:\projects\lab_\lab_\debug\lab_.tlog\link.8852-cvtres.read.1.tlog
d:\projects\lab_\lab_\debug\lab_.tlog\link.8852-cvtres.write.1.tlog
d:\projects\lab_\lab_\debug\lab_.tlog\link.8852-rc.read.1.tlog
d:\projects\lab_\lab_\debug\lab_.tlog\link.8852-rc.write.1.tlog
d:\projects\lab_\lab_\debug\lab_.tlog\link.8852.read.1.tlog
d:\projects\lab_\lab_\debug\lab_.tlog\link.8852.write.1.tlog
d:\projects\lab_\lab_\debug\lab_.tlog\link.command.1.tlog
d:\projects\lab_\lab_\debug\lab_.tlog\link.delete.1.tlog
d:\projects\lab_\lab_\debug\lab_.tlog\link.read.1.tlog
d:\projects\lab_\lab_\debug\lab_.tlog\link.write.1.tlog
